2023-05-06  0:38:30 0 [Note] Starting MariaDB 10.4.28-MariaDB source revision c8f2e9a5c0ac5905f28b050b7df5a9ffd914b7e7 as process 8816
2023-05-06  0:38:30 0 [Note] InnoDB: Mutexes and rw_locks use Windows interlocked functions
2023-05-06  0:38:30 0 [Note] InnoDB: Uses event mutexes
2023-05-06  0:38:30 0 [Note] InnoDB: Compressed tables use zlib 1.2.12
2023-05-06  0:38:30 0 [Note] InnoDB: Number of pools: 1
2023-05-06  0:38:30 0 [Note] InnoDB: Using SSE2 crc32 instructions
2023-05-06  0:38:30 0 [Note] InnoDB: Initializing buffer pool, total size = 16M, instances = 1, chunk size = 16M
2023-05-06  0:38:30 0 [Note] InnoDB: Completed initialization of buffer pool
2023-05-06  0:38:30 0 [Note] InnoDB: Starting crash recovery from checkpoint LSN=300288
2023-05-06  0:38:30 0 [Note] InnoDB: 128 out of 128 rollback segments are active.
2023-05-06  0:38:30 0 [Note] InnoDB: Removed temporary tablespace data file: "ibtmp1"
2023-05-06  0:38:30 0 [Note] InnoDB: Creating shared tablespace for temporary tables
2023-05-06  0:38:30 0 [Note] InnoDB: Setting file 'C:\xampp\mysql\data\ibtmp1' size to 12 MB. Physically writing the file full; Please wait ...
2023-05-06  0:38:30 0 [Note] InnoDB: File 'C:\xampp\mysql\data\ibtmp1' size is now 12 MB.
2023-05-06  0:38:30 0 [Note] InnoDB: Waiting for purge to start
2023-05-06  0:38:30 0 [Note] InnoDB: 10.4.28 started; log sequence number 300297; transaction id 170
2023-05-06  0:38:30 0 [Note] InnoDB: Loading buffer pool(s) from C:\xampp\mysql\data\ib_buffer_pool
2023-05-06  0:38:30 0 [Note] Plugin 'FEEDBACK' is disabled.
2023-05-06  0:38:30 0 [Note] Server socket created on IP: '::'.
2023-05-06  0:44:33 0 [Note] Starting MariaDB 10.4.28-MariaDB source revision c8f2e9a5c0ac5905f28b050b7df5a9ffd914b7e7 as process 8084
2023-05-06  0:44:33 0 [Note] InnoDB: Mutexes and rw_locks use Windows interlocked functions
2023-05-06  0:44:33 0 [Note] InnoDB: Uses event mutexes
2023-05-06  0:44:33 0 [Note] InnoDB: Compressed tables use zlib 1.2.12
2023-05-06  0:44:33 0 [Note] InnoDB: Number of pools: 1
2023-05-06  0:44:33 0 [Note] InnoDB: Using SSE2 crc32 instructions
2023-05-06  0:44:33 0 [Note] InnoDB: Initializing buffer pool, total size = 16M, instances = 1, chunk size = 16M
2023-05-06  0:44:33 0 [Note] InnoDB: Completed initialization of buffer pool
2023-05-06  0:44:33 0 [Note] InnoDB: Starting crash recovery from checkpoint LSN=300306
2023-05-06  0:44:34 0 [Note] InnoDB: 128 out of 128 rollback segments are active.
2023-05-06  0:44:34 0 [Note] InnoDB: Removed temporary tablespace data file: "ibtmp1"
2023-05-06  0:44:34 0 [Note] InnoDB: Creating shared tablespace for temporary tables
2023-05-06  0:44:34 0 [Note] InnoDB: Setting file 'C:\xampp\mysql\data\ibtmp1' size to 12 MB. Physically writing the file full; Please wait ...
2023-05-06  0:44:34 0 [Note] InnoDB: File 'C:\xampp\mysql\data\ibtmp1' size is now 12 MB.
2023-05-06  0:44:34 0 [Note] InnoDB: Waiting for purge to start
2023-05-06  0:44:34 0 [Note] InnoDB: 10.4.28 started; log sequence number 300315; transaction id 170
2023-05-06  0:44:34 0 [Note] InnoDB: Loading buffer pool(s) from C:\xampp\mysql\data\ib_buffer_pool
2023-05-06  0:44:34 0 [Note] Plugin 'FEEDBACK' is disabled.
2023-05-06  0:44:34 0 [Note] Server socket created on IP: '::'.
2023-05-06  1:01:17 0 [Note] Starting MariaDB 10.4.28-MariaDB source revision c8f2e9a5c0ac5905f28b050b7df5a9ffd914b7e7 as process 10160
2023-05-06  1:01:17 0 [Note] mysqld.exe: Aria engine: starting recovery
recovered pages: 0% 14% 58% 85% 96% 100% (0.0 seconds); tables to flush: 2 1 0
 (0.0 seconds); 
2023-05-06  1:01:17 0 [Note] mysqld.exe: Aria engine: recovery done
2023-05-06  1:01:17 0 [Note] InnoDB: Mutexes and rw_locks use Windows interlocked functions
2023-05-06  1:01:17 0 [Note] InnoDB: Uses event mutexes
2023-05-06  1:01:17 0 [Note] InnoDB: Compressed tables use zlib 1.2.12
2023-05-06  1:01:17 0 [Note] InnoDB: Number of pools: 1
2023-05-06  1:01:17 0 [Note] InnoDB: Using SSE2 crc32 instructions
2023-05-06  1:01:17 0 [Note] InnoDB: Initializing buffer pool, total size = 16M, instances = 1, chunk size = 16M
2023-05-06  1:01:17 0 [Note] InnoDB: Completed initialization of buffer pool
2023-05-06  1:01:17 0 [Note] InnoDB: Starting crash recovery from checkpoint LSN=304241
2023-05-06  1:01:17 0 [Note] InnoDB: 128 out of 128 rollback segments are active.
2023-05-06  1:01:17 0 [Note] InnoDB: Removed temporary tablespace data file: "ibtmp1"
2023-05-06  1:01:17 0 [Note] InnoDB: Creating shared tablespace for temporary tables
2023-05-06  1:01:17 0 [Note] InnoDB: Setting file 'C:\xampp\mysql\data\ibtmp1' size to 12 MB. Physically writing the file full; Please wait ...
2023-05-06  1:01:17 0 [Note] InnoDB: File 'C:\xampp\mysql\data\ibtmp1' size is now 12 MB.
2023-05-06  1:01:17 0 [Note] InnoDB: Waiting for purge to start
2023-05-06  1:01:17 0 [Note] InnoDB: 10.4.28 started; log sequence number 304250; transaction id 195
2023-05-06  1:01:18 0 [Note] InnoDB: Loading buffer pool(s) from C:\xampp\mysql\data\ib_buffer_pool
2023-05-06  1:01:18 0 [Note] Plugin 'FEEDBACK' is disabled.
2023-05-06  1:01:18 0 [Note] Server socket created on IP: '::'.
2023-05-06  1:02:36 0 [Note] Starting MariaDB 10.4.28-MariaDB source revision c8f2e9a5c0ac5905f28b050b7df5a9ffd914b7e7 as process 1996
2023-05-06  1:02:36 0 [Note] InnoDB: Mutexes and rw_locks use Windows interlocked functions
2023-05-06  1:02:36 0 [Note] InnoDB: Uses event mutexes
2023-05-06  1:02:36 0 [Note] InnoDB: Compressed tables use zlib 1.2.12
2023-05-06  1:02:36 0 [Note] InnoDB: Number of pools: 1
2023-05-06  1:02:36 0 [Note] InnoDB: Using SSE2 crc32 instructions
2023-05-06  1:02:36 0 [Note] InnoDB: Initializing buffer pool, total size = 16M, instances = 1, chunk size = 16M
2023-05-06  1:02:36 0 [Note] InnoDB: Completed initialization of buffer pool
2023-05-06  1:02:36 0 [Note] InnoDB: Starting crash recovery from checkpoint LSN=304259
2023-05-06  1:02:36 0 [Note] InnoDB: 128 out of 128 rollback segments are active.
2023-05-06  1:02:36 0 [Note] InnoDB: Removed temporary tablespace data file: "ibtmp1"
2023-05-06  1:02:36 0 [Note] InnoDB: Creating shared tablespace for temporary tables
2023-05-06  1:02:36 0 [Note] InnoDB: Setting file 'C:\xampp\mysql\data\ibtmp1' size to 12 MB. Physically writing the file full; Please wait ...
2023-05-06  1:02:36 0 [Note] InnoDB: File 'C:\xampp\mysql\data\ibtmp1' size is now 12 MB.
2023-05-06  1:02:37 0 [Note] InnoDB: Waiting for purge to start
2023-05-06  1:02:37 0 [Note] InnoDB: 10.4.28 started; log sequence number 304268; transaction id 195
2023-05-06  1:02:37 0 [Note] InnoDB: Loading buffer pool(s) from C:\xampp\mysql\data\ib_buffer_pool
2023-05-06  1:02:37 0 [Note] Plugin 'FEEDBACK' is disabled.
2023-05-06  1:02:37 0 [Note] Server socket created on IP: '::'.
2023-05-16 20:16:00 0 [Note] Starting MariaDB 10.4.28-MariaDB source revision c8f2e9a5c0ac5905f28b050b7df5a9ffd914b7e7 as process 7720
2023-05-16 20:16:00 0 [Note] mysqld.exe: Aria engine: starting recovery
recovered pages: 0% 33% 67% 100% (0.0 seconds); tables to flush: 1 0
 (0.0 seconds); 
2023-05-16 20:16:00 0 [Note] mysqld.exe: Aria engine: recovery done
2023-05-16 20:16:00 0 [Note] InnoDB: Mutexes and rw_locks use Windows interlocked functions
2023-05-16 20:16:00 0 [Note] InnoDB: Uses event mutexes
2023-05-16 20:16:00 0 [Note] InnoDB: Compressed tables use zlib 1.2.12
2023-05-16 20:16:00 0 [Note] InnoDB: Number of pools: 1
2023-05-16 20:16:00 0 [Note] InnoDB: Using SSE2 crc32 instructions
2023-05-16 20:16:00 0 [Note] InnoDB: Initializing buffer pool, total size = 16M, instances = 1, chunk size = 16M
2023-05-16 20:16:00 0 [Note] InnoDB: Completed initialization of buffer pool
2023-05-16 20:16:00 0 [Note] InnoDB: Starting crash recovery from checkpoint LSN=304992
2023-05-16 20:16:01 0 [Note] InnoDB: 128 out of 128 rollback segments are active.
2023-05-16 20:16:01 0 [Note] InnoDB: Removed temporary tablespace data file: "ibtmp1"
2023-05-16 20:16:01 0 [Note] InnoDB: Creating shared tablespace for temporary tables
2023-05-16 20:16:01 0 [Note] InnoDB: Setting file 'C:\xampp\mysql\data\ibtmp1' size to 12 MB. Physically writing the file full; Please wait ...
2023-05-16 20:16:01 0 [Note] InnoDB: File 'C:\xampp\mysql\data\ibtmp1' size is now 12 MB.
2023-05-16 20:16:01 0 [Note] InnoDB: Waiting for purge to start
2023-05-16 20:16:01 0 [Note] InnoDB: 10.4.28 started; log sequence number 305001; transaction id 220
2023-05-16 20:16:01 0 [Note] InnoDB: Loading buffer pool(s) from C:\xampp\mysql\data\ib_buffer_pool
2023-05-16 20:16:01 0 [Note] Plugin 'FEEDBACK' is disabled.
2023-05-16 20:16:01 0 [Note] InnoDB: Buffer pool(s) load completed at 230516 20:16:01
2023-05-16 20:16:01 0 [Note] Server socket created on IP: '::'.
2023-05-16 20:35:07 0 [Note] Starting MariaDB 10.4.28-MariaDB source revision c8f2e9a5c0ac5905f28b050b7df5a9ffd914b7e7 as process 7408
2023-05-16 20:35:07 0 [Note] InnoDB: Mutexes and rw_locks use Windows interlocked functions
2023-05-16 20:35:07 0 [Note] InnoDB: Uses event mutexes
2023-05-16 20:35:07 0 [Note] InnoDB: Compressed tables use zlib 1.2.12
2023-05-16 20:35:07 0 [Note] InnoDB: Number of pools: 1
2023-05-16 20:35:07 0 [Note] InnoDB: Using SSE2 crc32 instructions
2023-05-16 20:35:07 0 [Note] InnoDB: Initializing buffer pool, total size = 16M, instances = 1, chunk size = 16M
2023-05-16 20:35:07 0 [Note] InnoDB: Completed initialization of buffer pool
2023-05-16 20:35:07 0 [Note] InnoDB: Starting crash recovery from checkpoint LSN=305327
2023-05-16 20:35:07 0 [Note] InnoDB: Starting final batch to recover 16 pages from redo log.
2023-05-16 20:35:08 0 [Note] InnoDB: 128 out of 128 rollback segments are active.
2023-05-16 20:35:08 0 [Note] InnoDB: Removed temporary tablespace data file: "ibtmp1"
2023-05-16 20:35:08 0 [Note] InnoDB: Creating shared tablespace for temporary tables
2023-05-16 20:35:08 0 [Note] InnoDB: Setting file 'C:\xampp\mysql\data\ibtmp1' size to 12 MB. Physically writing the file full; Please wait ...
2023-05-16 20:35:08 0 [Note] InnoDB: File 'C:\xampp\mysql\data\ibtmp1' size is now 12 MB.
2023-05-16 20:35:08 0 [Note] InnoDB: Waiting for purge to start
2023-05-16 20:35:08 0 [Note] InnoDB: 10.4.28 started; log sequence number 311442; transaction id 255
2023-05-16 20:35:08 0 [Note] InnoDB: Loading buffer pool(s) from C:\xampp\mysql\data\ib_buffer_pool
2023-05-16 20:35:08 0 [Note] Plugin 'FEEDBACK' is disabled.
2023-05-16 20:35:08 0 [Note] Server socket created on IP: '::'.
